Using pre-set license
Built from '2020.3/staging' branch; Version is '2020.3.15f1 (5e502cb56e17) revision 6180908'; Using compiler version '192528614'; Build Type 'Release'
OS: 'Windows 10 Pro; OS build 19042.1348; Version 2009; 64bit' Language: 'en' Physical Memory: 16324 MB
BatchMode: 1, IsHumanControllingUs: 0, StartBugReporterOnCrash: 0, Is64bit: 1, IsPro: 0

 COMMAND LINE ARGUMENTS:
C:\Program Files\Unity\Hub\Editor\2020.3.15f1\Editor\Unity.exe
-adb2
-batchMode
-noUpm
-name
AssetImportWorker0
-projectPath
C:/Unity/2DJumpGame
-logFile
Logs/AssetImportWorker0.log
-srvPort
59707
Successfully changed project path to: C:/Unity/2DJumpGame
C:/Unity/2DJumpGame
Using Asset Import Pipeline V2.
Refreshing native plugins compatible for Editor in 70.01 ms, found 3 plugins.
Preloading 0 native plugins for Editor in 0.00 ms.
Initialize engine version: 2020.3.15f1 (5e502cb56e17)
[Subsystems] Discovering subsystems at path C:/Program Files/Unity/Hub/Editor/2020.3.15f1/Editor/Data/Resources/UnitySubsystems
[Subsystems] Discovering subsystems at path C:/Unity/2DJumpGame/Assets
GfxDevice: creating device client; threaded=0
Direct3D:
    Version:  Direct3D 11.0 [level 11.1]
    Renderer: NVIDIA GeForce RTX 2060 (ID=0x1e89)
    Vendor:   
    VRAM:     5974 MB
    Driver:   30.0.14.9649
Initialize mono
Mono path[0] = 'C:/Program Files/Unity/Hub/Editor/2020.3.15f1/Editor/Data/Managed'
Mono path[1] = 'C:/Program Files/Unity/Hub/Editor/2020.3.15f1/Editor/Data/MonoBleedingEdge/lib/mono/unityjit'
Mono config path = 'C:/Program Files/Unity/Hub/Editor/2020.3.15f1/Editor/Data/MonoBleedingEdge/etc'
Using monoOptions --debugger-agent=transport=dt_socket,embedding=1,server=y,suspend=n,address=127.0.0.1:56748
Begin MonoManager ReloadAssembly
Registering precompiled unity dll's ...
Register platform support module: C:/Program Files/Unity/Hub/Editor/2020.3.15f1/Editor/Data/PlaybackEngines/WebGLSupport/UnityEditor.WebGL.Extensions.dll
Register platform support module: C:/Program Files/Unity/Hub/Editor/2020.3.15f1/Editor/Data/PlaybackEngines/WindowsStandaloneSupport/UnityEditor.WindowsStandalone.Extensions.dll
Registered in 0.002858 seconds.
Native extension for WindowsStandalone target not found
Native extension for WebGL target not found
Refreshing native plugins compatible for Editor in 70.75 ms, found 3 plugins.
Preloading 0 native plugins for Editor in 0.00 ms.
Mono: successfully reloaded assembly
- Completed reload, in  2.936 seconds
Domain Reload Profiling:
	ReloadAssembly (2936ms)
		BeginReloadAssembly (59ms)
			ExecutionOrderSort (0ms)
			DisableScriptedObjects (0ms)
			BackupInstance (0ms)
			ReleaseScriptingObjects (0ms)
			CreateAndSetChildDomain (1ms)
		EndReloadAssembly (478ms)
			LoadAssemblies (57ms)
			RebuildTransferFunctionScriptingTraits (0ms)
			SetupTypeCache (150ms)
			ReleaseScriptCaches (0ms)
			RebuildScriptCaches (40ms)
			SetupLoadedEditorAssemblies (209ms)
				LogAssemblyErrors (0ms)
				InitializePlatformSupportModulesInManaged (5ms)
				SetLoadedEditorAssemblies (0ms)
				RefreshPlugins (71ms)
				BeforeProcessingInitializeOnLoad (15ms)
				ProcessInitializeOnLoadAttributes (87ms)
				ProcessInitializeOnLoadMethodAttributes (30ms)
				AfterProcessingInitializeOnLoad (0ms)
				EditorAssembliesLoaded (0ms)
			ExecutionOrderSort2 (0ms)
			AwakeInstancesAfterBackupRestoration (0ms)
Platform modules already initialized, skipping
Registering precompiled user dll's ...
Registered in 0.006045 seconds.
Begin MonoManager ReloadAssembly
Native extension for WindowsStandalone target not found
Native extension for WebGL target not found
Refreshing native plugins compatible for Editor in 67.52 ms, found 3 plugins.
Preloading 0 native plugins for Editor in 0.00 ms.
Mono: successfully reloaded assembly
- Completed reload, in  1.558 seconds
Domain Reload Profiling:
	ReloadAssembly (1559ms)
		BeginReloadAssembly (157ms)
			ExecutionOrderSort (0ms)
			DisableScriptedObjects (5ms)
			BackupInstance (0ms)
			ReleaseScriptingObjects (0ms)
			CreateAndSetChildDomain (17ms)
		EndReloadAssembly (1327ms)
			LoadAssemblies (112ms)
			RebuildTransferFunctionScriptingTraits (0ms)
			SetupTypeCache (370ms)
			ReleaseScriptCaches (1ms)
			RebuildScriptCaches (75ms)
			SetupLoadedEditorAssemblies (637ms)
				LogAssemblyErrors (0ms)
				InitializePlatformSupportModulesInManaged (5ms)
				SetLoadedEditorAssemblies (1ms)
				RefreshPlugins (68ms)
				BeforeProcessingInitializeOnLoad (129ms)
				ProcessInitializeOnLoadAttributes (411ms)
				ProcessInitializeOnLoadMethodAttributes (15ms)
				AfterProcessingInitializeOnLoad (8ms)
				EditorAssembliesLoaded (0ms)
			ExecutionOrderSort2 (0ms)
			AwakeInstancesAfterBackupRestoration (8ms)
Platform modules already initialized, skipping
========================================================================
Worker process is ready to serve import requests
Launched and connected shader compiler UnityShaderCompiler.exe after 0.05 seconds
Refreshing native plugins compatible for Editor in 1.08 ms, found 3 plugins.
Preloading 0 native plugins for Editor in 0.00 ms.
Unloading 3444 Unused Serialized files (Serialized files now loaded: 0)
System memory in use before: 140.2 MB.
System memory in use after: 140.4 MB.

Unloading 31 unused Assets to reduce memory usage. Loaded Objects now: 3885.
Total: 3.376000 ms (FindLiveObjects: 0.359500 ms CreateObjectMapping: 0.123000 ms MarkObjects: 2.780400 ms  DeleteObjects: 0.111800 ms)

AssetImportParameters requested are different than current active one (requested -> active):
  custom:framework-win-MediaFoundation: 216162199b28c13a410421893ffa2e32 -> 
  custom:video-decoder-ogg-theora: a1e56fd34408186e4bbccfd4996cb3dc -> 
  custom:container-muxer-webm: aa71ff27fc2769a1b78a27578f13a17b -> 
  custom:container-demuxer-webm: 4f35f7cbe854078d1ac9338744f61a02 -> 
  custom:container-demuxer-ogg: 62fdf1f143b41e24485cea50d1cbac27 -> 
  custom:video-encoder-webm-vp8: eb34c28f22e8b96e1ab97ce403110664 -> 
  custom:video-decoder-webm-vp8: 9c59270c3fd7afecdb556c50c9e8de78 -> 
  custom:audio-decoder-ogg-vorbis: bf7c407c2cedff20999df2af8eb42d56 -> 
  custom:audio-encoder-webm-vorbis: bf7c407c2cedff20999df2af8eb42d56 -> 
========================================================================
Received Import Request.
  path: Assets/Obstacles/Obs6.prefab
  artifactKey: Guid(5c46d93f4ca2bc246b7a1f9d8bf31aa7) Importer(815301076,1909f56bfc062723c751e8b465ee728b)
Start importing Assets/Obstacles/Obs6.prefab using Guid(5c46d93f4ca2bc246b7a1f9d8bf31aa7) Importer(815301076,1909f56bfc062723c751e8b465ee728b)  -> (artifact id: 'a4d6ec29d6ca49314d66c24ad114f31a') in 0.110876 seconds 
  Import took 0.115871 seconds .

========================================================================
Received Import Request.
  Time since last request: 0.000194 seconds.
  path: Assets/Obstacles/Obs9.prefab
  artifactKey: Guid(66822fa336965a74e91983c6c408929d) Importer(815301076,1909f56bfc062723c751e8b465ee728b)
Start importing Assets/Obstacles/Obs9.prefab using Guid(66822fa336965a74e91983c6c408929d) Importer(815301076,1909f56bfc062723c751e8b465ee728b)  -> (artifact id: '19aa6c54fe8375c776476ed3b070a3fc') in 0.017690 seconds 
  Import took 0.022521 seconds .

========================================================================
Received Import Request.
  Time since last request: 0.000154 seconds.
  path: Assets/Obstacles/Obs8.prefab
  artifactKey: Guid(568dafcbb50c93d4fb08850ceceb13ee) Importer(815301076,1909f56bfc062723c751e8b465ee728b)
Start importing Assets/Obstacles/Obs8.prefab using Guid(568dafcbb50c93d4fb08850ceceb13ee) Importer(815301076,1909f56bfc062723c751e8b465ee728b)  -> (artifact id: '50c54a45e56c1de362468923e03c6c0a') in 0.017212 seconds 
  Import took 0.021868 seconds .

========================================================================
Received Import Request.
  Time since last request: 0.000151 seconds.
  path: Assets/Obstacles/Obs16.prefab
  artifactKey: Guid(7834966e97b97e043a1182ecdf4abea4) Importer(815301076,1909f56bfc062723c751e8b465ee728b)
Start importing Assets/Obstacles/Obs16.prefab using Guid(7834966e97b97e043a1182ecdf4abea4) Importer(815301076,1909f56bfc062723c751e8b465ee728b)  -> (artifact id: '8e4de3052712cc78ffab92ca47187c2a') in 0.013948 seconds 
  Import took 0.018780 seconds .

========================================================================
Received Import Request.
  Time since last request: 0.000170 seconds.
  path: Assets/Obstacles/Obs4.prefab
  artifactKey: Guid(a942d981cc375594ea3681b0038a0046) Importer(815301076,1909f56bfc062723c751e8b465ee728b)
Start importing Assets/Obstacles/Obs4.prefab using Guid(a942d981cc375594ea3681b0038a0046) Importer(815301076,1909f56bfc062723c751e8b465ee728b)  -> (artifact id: '1837f97e7fdc98c7f683d16e6850b80d') in 0.014751 seconds 
  Import took 0.019602 seconds .

========================================================================
Received Import Request.
  Time since last request: 0.000205 seconds.
  path: Assets/Obstacles/Obs5.prefab
  artifactKey: Guid(be8096c8032fd1f41b592b904138cff9) Importer(815301076,1909f56bfc062723c751e8b465ee728b)
Start importing Assets/Obstacles/Obs5.prefab using Guid(be8096c8032fd1f41b592b904138cff9) Importer(815301076,1909f56bfc062723c751e8b465ee728b)  -> (artifact id: '178583720b1e98e33de393b2d10f7024') in 0.016605 seconds 
  Import took 0.021465 seconds .

========================================================================
Received Import Request.
  Time since last request: 0.000174 seconds.
  path: Assets/Obstacles/Obs15.prefab
  artifactKey: Guid(ff2fc96e107619449a3fd7d781994c33) Importer(815301076,1909f56bfc062723c751e8b465ee728b)
Start importing Assets/Obstacles/Obs15.prefab using Guid(ff2fc96e107619449a3fd7d781994c33) Importer(815301076,1909f56bfc062723c751e8b465ee728b)  -> (artifact id: 'a7b644e82bd08a42970ab57d80c19fc9') in 0.013813 seconds 
  Import took 0.018416 seconds .

========================================================================
Received Import Request.
  Time since last request: 0.000151 seconds.
  path: Assets/Obstacles/Obs2.prefab
  artifactKey: Guid(dea09ff743706104aa4e67886ff0e31a) Importer(815301076,1909f56bfc062723c751e8b465ee728b)
Start importing Assets/Obstacles/Obs2.prefab using Guid(dea09ff743706104aa4e67886ff0e31a) Importer(815301076,1909f56bfc062723c751e8b465ee728b)  -> (artifact id: 'a9950b795d22edc78308ca59b24c91c8') in 0.013719 seconds 
  Import took 0.018261 seconds .

========================================================================
Received Import Request.
  Time since last request: 0.000193 seconds.
  path: Assets/Obstacles/Obs19.prefab
  artifactKey: Guid(a98ad346038996e45b23bcf6ef3e1765) Importer(815301076,1909f56bfc062723c751e8b465ee728b)
Start importing Assets/Obstacles/Obs19.prefab using Guid(a98ad346038996e45b23bcf6ef3e1765) Importer(815301076,1909f56bfc062723c751e8b465ee728b)  -> (artifact id: '5e9f6a46d6ead3af2c04be2be1661485') in 0.014224 seconds 
  Import took 0.019101 seconds .

========================================================================
Received Import Request.
  Time since last request: 0.000192 seconds.
  path: Assets/Obstacles/Obs18.prefab
  artifactKey: Guid(01070ba5d4c07b54c8b699aa801c4d1a) Importer(815301076,1909f56bfc062723c751e8b465ee728b)
Start importing Assets/Obstacles/Obs18.prefab using Guid(01070ba5d4c07b54c8b699aa801c4d1a) Importer(815301076,1909f56bfc062723c751e8b465ee728b)  -> (artifact id: '8d7156a5fdd98aed52f2bf4583c95c21') in 0.013039 seconds 
  Import took 0.018526 seconds .

========================================================================
Received Import Request.
  Time since last request: 0.000152 seconds.
  path: Assets/Obstacles/Obs13.prefab
  artifactKey: Guid(39ca5aa99820c464b8a946196fe33b60) Importer(815301076,1909f56bfc062723c751e8b465ee728b)
Start importing Assets/Obstacles/Obs13.prefab using Guid(39ca5aa99820c464b8a946196fe33b60) Importer(815301076,1909f56bfc062723c751e8b465ee728b)  -> (artifact id: 'aec2af93bcbda7dd9392d471f8eac3a2') in 0.017581 seconds 
  Import took 0.022692 seconds .

========================================================================
Received Import Request.
  Time since last request: 0.000307 seconds.
  path: Assets/Obstacles/Obs10.prefab
  artifactKey: Guid(ec60868134ce4ee4fa37a3eebd6a0272) Importer(815301076,1909f56bfc062723c751e8b465ee728b)
Start importing Assets/Obstacles/Obs10.prefab using Guid(ec60868134ce4ee4fa37a3eebd6a0272) Importer(815301076,1909f56bfc062723c751e8b465ee728b)  -> (artifact id: '9dde31dbef7cfe5970cb8ae4d075558d') in 0.013433 seconds 
  Import took 0.018131 seconds .

========================================================================
Received Import Request.
  Time since last request: 0.000167 seconds.
  path: Assets/Obstacles/Obs7.prefab
  artifactKey: Guid(e773e01e0de5b764985eed22c80a78d5) Importer(815301076,1909f56bfc062723c751e8b465ee728b)
Start importing Assets/Obstacles/Obs7.prefab using Guid(e773e01e0de5b764985eed22c80a78d5) Importer(815301076,1909f56bfc062723c751e8b465ee728b)  -> (artifact id: 'dbbbe61830d1b799f9a1e02dcf28836f') in 0.014192 seconds 
  Import took 0.019314 seconds .

========================================================================
Received Import Request.
  Time since last request: 0.000165 seconds.
  path: Assets/Obstacles/Obs12.prefab
  artifactKey: Guid(4b423945cd9196f45b88bd8afdf4a9ac) Importer(815301076,1909f56bfc062723c751e8b465ee728b)
Start importing Assets/Obstacles/Obs12.prefab using Guid(4b423945cd9196f45b88bd8afdf4a9ac) Importer(815301076,1909f56bfc062723c751e8b465ee728b)  -> (artifact id: '49a96e9b1c9997de11a1468ef0581868') in 0.017817 seconds 
  Import took 0.022743 seconds .

========================================================================
Received Import Request.
  Time since last request: 0.000180 seconds.
  path: Assets/Obstacles/Start.prefab
  artifactKey: Guid(23de0ab7cd2a6f84faacdb4b81417bdc) Importer(815301076,1909f56bfc062723c751e8b465ee728b)
Start importing Assets/Obstacles/Start.prefab using Guid(23de0ab7cd2a6f84faacdb4b81417bdc) Importer(815301076,1909f56bfc062723c751e8b465ee728b)  -> (artifact id: '8c1f69582071c19e6f99283cd216f700') in 0.017262 seconds 
  Import took 0.021935 seconds .

========================================================================
Received Import Request.
  Time since last request: 0.000167 seconds.
  path: Assets/Obstacles/Obs3.prefab
  artifactKey: Guid(c1065d6781a951745bb92cc3c8c38298) Importer(815301076,1909f56bfc062723c751e8b465ee728b)
Start importing Assets/Obstacles/Obs3.prefab using Guid(c1065d6781a951745bb92cc3c8c38298) Importer(815301076,1909f56bfc062723c751e8b465ee728b)  -> (artifact id: '4abb29a18aadb003cdb8c5b36a8db148') in 0.013673 seconds 
  Import took 0.018403 seconds .

========================================================================
Received Import Request.
  Time since last request: 0.000195 seconds.
  path: Assets/Obstacles/Obs1.prefab
  artifactKey: Guid(2c030f0b7af990c49be1b4fda7355790) Importer(815301076,1909f56bfc062723c751e8b465ee728b)
Start importing Assets/Obstacles/Obs1.prefab using Guid(2c030f0b7af990c49be1b4fda7355790) Importer(815301076,1909f56bfc062723c751e8b465ee728b)  -> (artifact id: '4c670855fed2d708cbe1f8aa1067f651') in 0.016028 seconds 
  Import took 0.020797 seconds .

========================================================================
Received Import Request.
  Time since last request: 0.000158 seconds.
  path: Assets/Obstacles/Obs14.prefab
  artifactKey: Guid(e2a2327b00295c74ba2ba263b83c5dab) Importer(815301076,1909f56bfc062723c751e8b465ee728b)
Start importing Assets/Obstacles/Obs14.prefab using Guid(e2a2327b00295c74ba2ba263b83c5dab) Importer(815301076,1909f56bfc062723c751e8b465ee728b)  -> (artifact id: '4d83d460c3177cfe32daa9b8bc8ac652') in 0.017659 seconds 
  Import took 0.022264 seconds .

========================================================================
Received Import Request.
  Time since last request: 0.000159 seconds.
  path: Assets/Obstacles/Obs17.prefab
  artifactKey: Guid(020614a12404f4a48bb4a4bd1ce330e6) Importer(815301076,1909f56bfc062723c751e8b465ee728b)
Start importing Assets/Obstacles/Obs17.prefab using Guid(020614a12404f4a48bb4a4bd1ce330e6) Importer(815301076,1909f56bfc062723c751e8b465ee728b)  -> (artifact id: '7c76c499ccdeb5eb9a2c0aa241f91f4a') in 0.014597 seconds 
  Import took 0.019200 seconds .

========================================================================
Received Import Request.
  Time since last request: 0.000173 seconds.
  path: Assets/Obstacles/Obs11.prefab
  artifactKey: Guid(0be56700a69966b4c82bd6c19a0d94ec) Importer(815301076,1909f56bfc062723c751e8b465ee728b)
Start importing Assets/Obstacles/Obs11.prefab using Guid(0be56700a69966b4c82bd6c19a0d94ec) Importer(815301076,1909f56bfc062723c751e8b465ee728b)  -> (artifact id: 'd16bf146f7a822b1eda218a3a42378f2') in 0.013968 seconds 
  Import took 0.018513 seconds .

========================================================================
Received Import Request.
  Time since last request: 0.000159 seconds.
  path: Assets/Obstacles/Obs20.prefab
  artifactKey: Guid(f5df271e396f9fd4c8f42bf7da1b3d94) Importer(815301076,1909f56bfc062723c751e8b465ee728b)
Start importing Assets/Obstacles/Obs20.prefab using Guid(f5df271e396f9fd4c8f42bf7da1b3d94) Importer(815301076,1909f56bfc062723c751e8b465ee728b)  -> (artifact id: '9c05a3b93d55589ba22b8d05bc322fcc') in 0.012986 seconds 
  Import took 0.017937 seconds .

========================================================================
Received Import Request.
  Time since last request: 195.002938 seconds.
  path: Assets/Obstacles/Obstacles.red
  artifactKey: Guid(536cdf79e6f6bfc40ad4068d64d181b6) Importer(815301076,1909f56bfc062723c751e8b465ee728b)
Start importing Assets/Obstacles/Obstacles.red using Guid(536cdf79e6f6bfc40ad4068d64d181b6) Importer(815301076,1909f56bfc062723c751e8b465ee728b)  -> (artifact id: 'd03a01f47c0c64242c896e7447bee218') in 0.005864 seconds 
  Import took 0.010834 seconds .

========================================================================
Received Import Request.
  Time since last request: 0.090760 seconds.
  path: Assets/Obstacles/Obstacles.red/Obs1.red1.prefab
  artifactKey: Guid(34d083ed73eaced4c83067ac10af78ca) Importer(815301076,1909f56bfc062723c751e8b465ee728b)
Start importing Assets/Obstacles/Obstacles.red/Obs1.red1.prefab using Guid(34d083ed73eaced4c83067ac10af78ca) Importer(815301076,1909f56bfc062723c751e8b465ee728b)  -> (artifact id: 'a267c6757b39f11c2ba9bd806d5cb74d') in 0.015500 seconds 
  Import took 0.020311 seconds .

========================================================================
Received Import Request.
  Time since last request: 0.000156 seconds.
  path: Assets/Obstacles/Obstacles.red/Obs2.red1.prefab
  artifactKey: Guid(5479b1474611bf447bb3e421ff644c82) Importer(815301076,1909f56bfc062723c751e8b465ee728b)
Start importing Assets/Obstacles/Obstacles.red/Obs2.red1.prefab using Guid(5479b1474611bf447bb3e421ff644c82) Importer(815301076,1909f56bfc062723c751e8b465ee728b)  -> (artifact id: '4cd630a6e627fac4af5590331eb9029f') in 0.013842 seconds 
  Import took 0.018392 seconds .

========================================================================
Received Import Request.
  Time since last request: 0.000337 seconds.
  path: Assets/Obstacles/Obstacles.red/Obs1.red2.prefab
  artifactKey: Guid(c5695c0d92f7e3248974cf678bb48639) Importer(815301076,1909f56bfc062723c751e8b465ee728b)
Start importing Assets/Obstacles/Obstacles.red/Obs1.red2.prefab using Guid(c5695c0d92f7e3248974cf678bb48639) Importer(815301076,1909f56bfc062723c751e8b465ee728b)  -> (artifact id: '081cd3817c9bbbf9dd9218b7d3774bbb') in 0.018089 seconds 
  Import took 0.022862 seconds .

========================================================================
Received Import Request.
  Time since last request: 0.000165 seconds.
  path: Assets/Obstacles/Obstacles.red/Obs4.red1.prefab
  artifactKey: Guid(08708f0a216eb324eadfdc65161a86e0) Importer(815301076,1909f56bfc062723c751e8b465ee728b)
Start importing Assets/Obstacles/Obstacles.red/Obs4.red1.prefab using Guid(08708f0a216eb324eadfdc65161a86e0) Importer(815301076,1909f56bfc062723c751e8b465ee728b)  -> (artifact id: '42071ad2de9e603556503d5bd32bcb04') in 0.015433 seconds 
  Import took 0.020429 seconds .

========================================================================
Received Import Request.
  Time since last request: 0.000156 seconds.
  path: Assets/Obstacles/Obstacles.red/Obs3.red1.prefab
  artifactKey: Guid(f2dce3c6db27437449e799cc96761a5a) Importer(815301076,1909f56bfc062723c751e8b465ee728b)
Start importing Assets/Obstacles/Obstacles.red/Obs3.red1.prefab using Guid(f2dce3c6db27437449e799cc96761a5a) Importer(815301076,1909f56bfc062723c751e8b465ee728b)  -> (artifact id: 'a403d6901a7b5c0c901cd6887a33098d') in 0.016293 seconds 
  Import took 0.020861 seconds .

========================================================================
Received Import Request.
  Time since last request: 0.000224 seconds.
  path: Assets/Obstacles/Obstacles.red/Obs5.red1.prefab
  artifactKey: Guid(0b22e30f1114ec040ba625f6a81e7749) Importer(815301076,1909f56bfc062723c751e8b465ee728b)
Start importing Assets/Obstacles/Obstacles.red/Obs5.red1.prefab using Guid(0b22e30f1114ec040ba625f6a81e7749) Importer(815301076,1909f56bfc062723c751e8b465ee728b)  -> (artifact id: '055f4c6858b6e4ea564db19fe0ffc0f2') in 0.014511 seconds 
  Import took 0.019861 seconds .

========================================================================
Received Import Request.
  Time since last request: 13.042720 seconds.
  path: Assets/Obstacles/Obstacles.red/RightWall (9).prefab
  artifactKey: Guid(dcce2b5614d912d44b088d2e62a1e9d2) Importer(815301076,1909f56bfc062723c751e8b465ee728b)
Start importing Assets/Obstacles/Obstacles.red/RightWall (9).prefab using Guid(dcce2b5614d912d44b088d2e62a1e9d2) Importer(815301076,1909f56bfc062723c751e8b465ee728b)  -> (artifact id: 'd60f7b788c1ddbd94b76457da8da33ee') in 0.013612 seconds 
  Import took 0.018405 seconds .

========================================================================
Received Import Request.
  Time since last request: 0.009544 seconds.
  path: Assets/Obstacles/Obstacles.red/RightWall (9).prefab
  artifactKey: Guid(dcce2b5614d912d44b088d2e62a1e9d2) Importer(815301076,1909f56bfc062723c751e8b465ee728b)
Start importing Assets/Obstacles/Obstacles.red/RightWall (9).prefab using Guid(dcce2b5614d912d44b088d2e62a1e9d2) Importer(815301076,1909f56bfc062723c751e8b465ee728b)  -> (artifact id: 'd60f7b788c1ddbd94b76457da8da33ee') in 0.008662 seconds 
  Import took 0.013495 seconds .

========================================================================
Received Import Request.
  Time since last request: 16.528220 seconds.
  path: Assets/Obstacles/Obstacles.red/BreakableWall.prefab
  artifactKey: Guid(dcce2b5614d912d44b088d2e62a1e9d2) Importer(815301076,1909f56bfc062723c751e8b465ee728b)
Start importing Assets/Obstacles/Obstacles.red/BreakableWall.prefab using Guid(dcce2b5614d912d44b088d2e62a1e9d2) Importer(815301076,1909f56bfc062723c751e8b465ee728b)  -> (artifact id: 'a8bac10b9ec9bb8031380f7c73227915') in 0.014358 seconds 
  Import took 0.019164 seconds .

========================================================================
Received Import Request.
  Time since last request: 150.464039 seconds.
  path: Assets/Scenes/BaseLevel.unity
  artifactKey: Guid(439f6017abd1f5f4582740d6b701e8ad) Importer(815301076,1909f56bfc062723c751e8b465ee728b)
Start importing Assets/Scenes/BaseLevel.unity using Guid(439f6017abd1f5f4582740d6b701e8ad) Importer(815301076,1909f56bfc062723c751e8b465ee728b)  -> (artifact id: 'c73c3c93d8d5cb8cf09931131ac0ab8f') in 0.006854 seconds 
  Import took 0.011589 seconds .

========================================================================
Received Import Request.
  Time since last request: 0.387326 seconds.
  path: Assets/Scenes/Menu.unity
  artifactKey: Guid(c659c1dfa6ce409459f1eb4a26f8bb3d) Importer(815301076,1909f56bfc062723c751e8b465ee728b)
Start importing Assets/Scenes/Menu.unity using Guid(c659c1dfa6ce409459f1eb4a26f8bb3d) Importer(815301076,1909f56bfc062723c751e8b465ee728b)  -> (artifact id: '5dd8017dabfd54c80101dfbd94363530') in 0.006966 seconds 
  Import took 0.011718 seconds .

========================================================================
Received Prepare
Registering precompiled user dll's ...
Registered in 0.005814 seconds.
Begin MonoManager ReloadAssembly
Native extension for WindowsStandalone target not found
Native extension for WebGL target not found
Refreshing native plugins compatible for Editor in 0.65 ms, found 3 plugins.
Preloading 0 native plugins for Editor in 0.00 ms.
Mono: successfully reloaded assembly
- Completed reload, in  1.536 seconds
Domain Reload Profiling:
	ReloadAssembly (1537ms)
		BeginReloadAssembly (172ms)
			ExecutionOrderSort (0ms)
			DisableScriptedObjects (8ms)
			BackupInstance (0ms)
			ReleaseScriptingObjects (0ms)
			CreateAndSetChildDomain (51ms)
		EndReloadAssembly (1282ms)
			LoadAssemblies (129ms)
			RebuildTransferFunctionScriptingTraits (0ms)
			SetupTypeCache (381ms)
			ReleaseScriptCaches (1ms)
			RebuildScriptCaches (70ms)
			SetupLoadedEditorAssemblies (513ms)
				LogAssemblyErrors (0ms)
				InitializePlatformSupportModulesInManaged (7ms)
				SetLoadedEditorAssemblies (0ms)
				RefreshPlugins (1ms)
				BeforeProcessingInitializeOnLoad (136ms)
				ProcessInitializeOnLoadAttributes (352ms)
				ProcessInitializeOnLoadMethodAttributes (9ms)
				AfterProcessingInitializeOnLoad (8ms)
				EditorAssembliesLoaded (0ms)
			ExecutionOrderSort2 (0ms)
			AwakeInstancesAfterBackupRestoration (37ms)
Platform modules already initialized, skipping
Switching build target platform(19) subTarget(0) extendedPlatform(0) -> platform(13) subTarget(537395200) extendedPlatform(0)
Refreshing native plugins compatible for Editor in 1.10 ms, found 3 plugins.
Preloading 0 native plugins for Editor in 0.00 ms.
Unloading 3392 Unused Serialized files (Serialized files now loaded: 0)
System memory in use before: 139.7 MB.
System memory in use after: 139.9 MB.

Unloading 19 unused Assets to reduce memory usage. Loaded Objects now: 3896.
Total: 3.469600 ms (FindLiveObjects: 0.343900 ms CreateObjectMapping: 0.084400 ms MarkObjects: 2.960900 ms  DeleteObjects: 0.078700 ms)

AssetImportParameters requested are different than current active one (requested -> active):
  custom:framework-win-MediaFoundation: 216162199b28c13a410421893ffa2e32 -> 
  custom:video-decoder-ogg-theora: a1e56fd34408186e4bbccfd4996cb3dc -> 
  custom:container-muxer-webm: aa71ff27fc2769a1b78a27578f13a17b -> 
  custom:container-demuxer-webm: 4f35f7cbe854078d1ac9338744f61a02 -> 
  custom:container-demuxer-ogg: 62fdf1f143b41e24485cea50d1cbac27 -> 
  custom:video-encoder-webm-vp8: eb34c28f22e8b96e1ab97ce403110664 -> 
  custom:video-decoder-webm-vp8: 9c59270c3fd7afecdb556c50c9e8de78 -> 
  custom:graphics/normal-map-encoding: 01000000000000000000000000000000 -> 02000000000000000000000000000000
  custom:audio-decoder-ogg-vorbis: bf7c407c2cedff20999df2af8eb42d56 -> 
  custom:audio-encoder-webm-vorbis: bf7c407c2cedff20999df2af8eb42d56 -> 
========================================================================
Received Prepare
Refreshing native plugins compatible for Editor in 5.47 ms, found 3 plugins.
Preloading 0 native plugins for Editor in 0.00 ms.
Unloading 17 Unused Serialized files (Serialized files now loaded: 0)
System memory in use before: 73.2 MB.
System memory in use after: 73.4 MB.

Unloading 17 unused Assets to reduce memory usage. Loaded Objects now: 3896.
Total: 3.271600 ms (FindLiveObjects: 0.293800 ms CreateObjectMapping: 0.090500 ms MarkObjects: 2.826200 ms  DeleteObjects: 0.060200 ms)

AssetImportParameters requested are different than current active one (requested -> active):
  custom:framework-win-MediaFoundation: 216162199b28c13a410421893ffa2e32 -> 
  custom:video-decoder-ogg-theora: a1e56fd34408186e4bbccfd4996cb3dc -> 
  custom:container-muxer-webm: aa71ff27fc2769a1b78a27578f13a17b -> 
  custom:container-demuxer-webm: 4f35f7cbe854078d1ac9338744f61a02 -> 
  custom:container-demuxer-ogg: 62fdf1f143b41e24485cea50d1cbac27 -> 
  custom:video-encoder-webm-vp8: eb34c28f22e8b96e1ab97ce403110664 -> 
  custom:video-decoder-webm-vp8: 9c59270c3fd7afecdb556c50c9e8de78 -> 
  custom:audio-decoder-ogg-vorbis: bf7c407c2cedff20999df2af8eb42d56 -> 
  custom:audio-encoder-webm-vorbis: bf7c407c2cedff20999df2af8eb42d56 -> 
========================================================================
Received Prepare
Refreshing native plugins compatible for Editor in 4.88 ms, found 3 plugins.
Preloading 0 native plugins for Editor in 0.00 ms.
Unloading 17 Unused Serialized files (Serialized files now loaded: 0)
System memory in use before: 73.2 MB.
System memory in use after: 73.4 MB.

Unloading 17 unused Assets to reduce memory usage. Loaded Objects now: 3896.
Total: 3.718300 ms (FindLiveObjects: 0.526400 ms CreateObjectMapping: 0.098900 ms MarkObjects: 3.017500 ms  DeleteObjects: 0.074200 ms)

AssetImportParameters requested are different than current active one (requested -> active):
  custom:framework-win-MediaFoundation: 216162199b28c13a410421893ffa2e32 -> 
  custom:video-decoder-ogg-theora: a1e56fd34408186e4bbccfd4996cb3dc -> 
  custom:container-muxer-webm: aa71ff27fc2769a1b78a27578f13a17b -> 
  custom:container-demuxer-webm: 4f35f7cbe854078d1ac9338744f61a02 -> 
  custom:container-demuxer-ogg: 62fdf1f143b41e24485cea50d1cbac27 -> 
  custom:video-encoder-webm-vp8: eb34c28f22e8b96e1ab97ce403110664 -> 
  custom:video-decoder-webm-vp8: 9c59270c3fd7afecdb556c50c9e8de78 -> 
  custom:audio-decoder-ogg-vorbis: bf7c407c2cedff20999df2af8eb42d56 -> 
  custom:audio-encoder-webm-vorbis: bf7c407c2cedff20999df2af8eb42d56 -> 
========================================================================
Received Prepare
Refreshing native plugins compatible for Editor in 5.76 ms, found 3 plugins.
Preloading 0 native plugins for Editor in 0.00 ms.
Unloading 17 Unused Serialized files (Serialized files now loaded: 0)
System memory in use before: 73.2 MB.
System memory in use after: 73.4 MB.

Unloading 17 unused Assets to reduce memory usage. Loaded Objects now: 3896.
Total: 3.079200 ms (FindLiveObjects: 0.318200 ms CreateObjectMapping: 0.082100 ms MarkObjects: 2.578400 ms  DeleteObjects: 0.099700 ms)

AssetImportParameters requested are different than current active one (requested -> active):
  custom:framework-win-MediaFoundation: 216162199b28c13a410421893ffa2e32 -> 
  custom:video-decoder-ogg-theora: a1e56fd34408186e4bbccfd4996cb3dc -> 
  custom:container-muxer-webm: aa71ff27fc2769a1b78a27578f13a17b -> 
  custom:container-demuxer-webm: 4f35f7cbe854078d1ac9338744f61a02 -> 
  custom:container-demuxer-ogg: 62fdf1f143b41e24485cea50d1cbac27 -> 
  custom:video-encoder-webm-vp8: eb34c28f22e8b96e1ab97ce403110664 -> 
  custom:video-decoder-webm-vp8: 9c59270c3fd7afecdb556c50c9e8de78 -> 
  custom:audio-decoder-ogg-vorbis: bf7c407c2cedff20999df2af8eb42d56 -> 
  custom:audio-encoder-webm-vorbis: bf7c407c2cedff20999df2af8eb42d56 -> 
========================================================================
Received Prepare
Registering precompiled user dll's ...
Registered in 0.005780 seconds.
Begin MonoManager ReloadAssembly
Native extension for WindowsStandalone target not found
Native extension for WebGL target not found
Refreshing native plugins compatible for Editor in 0.66 ms, found 3 plugins.
Preloading 0 native plugins for Editor in 0.00 ms.
Mono: successfully reloaded assembly
- Completed reload, in  1.422 seconds
Domain Reload Profiling:
	ReloadAssembly (1423ms)
		BeginReloadAssembly (138ms)
			ExecutionOrderSort (0ms)
			DisableScriptedObjects (7ms)
			BackupInstance (0ms)
			ReleaseScriptingObjects (0ms)
			CreateAndSetChildDomain (37ms)
		EndReloadAssembly (1213ms)
			LoadAssemblies (106ms)
			RebuildTransferFunctionScriptingTraits (0ms)
			SetupTypeCache (353ms)
			ReleaseScriptCaches (1ms)
			RebuildScriptCaches (67ms)
			SetupLoadedEditorAssemblies (497ms)
				LogAssemblyErrors (0ms)
				InitializePlatformSupportModulesInManaged (7ms)
				SetLoadedEditorAssemblies (0ms)
				RefreshPlugins (1ms)
				BeforeProcessingInitializeOnLoad (133ms)
				ProcessInitializeOnLoadAttributes (340ms)
				ProcessInitializeOnLoadMethodAttributes (8ms)
				AfterProcessingInitializeOnLoad (8ms)
				EditorAssembliesLoaded (0ms)
			ExecutionOrderSort2 (0ms)
			AwakeInstancesAfterBackupRestoration (35ms)
Platform modules already initialized, skipping
Switching build target platform(19) subTarget(0) extendedPlatform(0) -> platform(13) subTarget(537395200) extendedPlatform(0)
Refreshing native plugins compatible for Editor in 0.65 ms, found 3 plugins.
Preloading 0 native plugins for Editor in 0.00 ms.
Unloading 3392 Unused Serialized files (Serialized files now loaded: 0)
System memory in use before: 139.8 MB.
System memory in use after: 140.0 MB.

Unloading 19 unused Assets to reduce memory usage. Loaded Objects now: 3900.
Total: 3.414800 ms (FindLiveObjects: 0.310300 ms CreateObjectMapping: 0.084900 ms MarkObjects: 2.947500 ms  DeleteObjects: 0.071000 ms)

AssetImportParameters requested are different than current active one (requested -> active):
  custom:framework-win-MediaFoundation: 216162199b28c13a410421893ffa2e32 -> 
  custom:video-decoder-ogg-theora: a1e56fd34408186e4bbccfd4996cb3dc -> 
  custom:container-muxer-webm: aa71ff27fc2769a1b78a27578f13a17b -> 
  custom:container-demuxer-webm: 4f35f7cbe854078d1ac9338744f61a02 -> 
  custom:container-demuxer-ogg: 62fdf1f143b41e24485cea50d1cbac27 -> 
  custom:video-encoder-webm-vp8: eb34c28f22e8b96e1ab97ce403110664 -> 
  custom:video-decoder-webm-vp8: 9c59270c3fd7afecdb556c50c9e8de78 -> 
  custom:graphics/normal-map-encoding: 01000000000000000000000000000000 -> 02000000000000000000000000000000
  custom:audio-decoder-ogg-vorbis: bf7c407c2cedff20999df2af8eb42d56 -> 
  custom:audio-encoder-webm-vorbis: bf7c407c2cedff20999df2af8eb42d56 -> 
========================================================================
Received Prepare
Registering precompiled user dll's ...
Registered in 0.005771 seconds.
Begin MonoManager ReloadAssembly
Native extension for WindowsStandalone target not found
Native extension for WebGL target not found
Refreshing native plugins compatible for Editor in 0.62 ms, found 3 plugins.
Preloading 0 native plugins for Editor in 0.00 ms.
Mono: successfully reloaded assembly
- Completed reload, in  1.415 seconds
Domain Reload Profiling:
	ReloadAssembly (1416ms)
		BeginReloadAssembly (126ms)
			ExecutionOrderSort (0ms)
			DisableScriptedObjects (7ms)
			BackupInstance (0ms)
			ReleaseScriptingObjects (0ms)
			CreateAndSetChildDomain (38ms)
		EndReloadAssembly (1217ms)
			LoadAssemblies (105ms)
			RebuildTransferFunctionScriptingTraits (0ms)
			SetupTypeCache (353ms)
			ReleaseScriptCaches (1ms)
			RebuildScriptCaches (67ms)
			SetupLoadedEditorAssemblies (496ms)
				LogAssemblyErrors (0ms)
				InitializePlatformSupportModulesInManaged (6ms)
				SetLoadedEditorAssemblies (0ms)
				RefreshPlugins (1ms)
				BeforeProcessingInitializeOnLoad (132ms)
				ProcessInitializeOnLoadAttributes (341ms)
				ProcessInitializeOnLoadMethodAttributes (8ms)
				AfterProcessingInitializeOnLoad (8ms)
				EditorAssembliesLoaded (0ms)
			ExecutionOrderSort2 (0ms)
			AwakeInstancesAfterBackupRestoration (33ms)
Platform modules already initialized, skipping
Switching build target platform(19) subTarget(0) extendedPlatform(0) -> platform(13) subTarget(537395200) extendedPlatform(0)
Refreshing native plugins compatible for Editor in 0.64 ms, found 3 plugins.
Preloading 0 native plugins for Editor in 0.00 ms.
Unloading 3392 Unused Serialized files (Serialized files now loaded: 0)
System memory in use before: 139.8 MB.
System memory in use after: 140.0 MB.

Unloading 19 unused Assets to reduce memory usage. Loaded Objects now: 3904.
Total: 2.974700 ms (FindLiveObjects: 0.298000 ms CreateObjectMapping: 0.078900 ms MarkObjects: 2.535400 ms  DeleteObjects: 0.061300 ms)

AssetImportParameters requested are different than current active one (requested -> active):
  custom:framework-win-MediaFoundation: 216162199b28c13a410421893ffa2e32 -> 
  custom:video-decoder-ogg-theora: a1e56fd34408186e4bbccfd4996cb3dc -> 
  custom:container-muxer-webm: aa71ff27fc2769a1b78a27578f13a17b -> 
  custom:container-demuxer-webm: 4f35f7cbe854078d1ac9338744f61a02 -> 
  custom:container-demuxer-ogg: 62fdf1f143b41e24485cea50d1cbac27 -> 
  custom:video-encoder-webm-vp8: eb34c28f22e8b96e1ab97ce403110664 -> 
  custom:video-decoder-webm-vp8: 9c59270c3fd7afecdb556c50c9e8de78 -> 
  custom:graphics/normal-map-encoding: 01000000000000000000000000000000 -> 02000000000000000000000000000000
  custom:audio-decoder-ogg-vorbis: bf7c407c2cedff20999df2af8eb42d56 -> 
  custom:audio-encoder-webm-vorbis: bf7c407c2cedff20999df2af8eb42d56 -> 
========================================================================
Received Prepare
Registering precompiled user dll's ...
Registered in 0.006217 seconds.
Begin MonoManager ReloadAssembly
Native extension for WindowsStandalone target not found
Native extension for WebGL target not found
Refreshing native plugins compatible for Editor in 0.64 ms, found 3 plugins.
Preloading 0 native plugins for Editor in 0.00 ms.
Mono: successfully reloaded assembly
- Completed reload, in  1.428 seconds
Domain Reload Profiling:
	ReloadAssembly (1428ms)
		BeginReloadAssembly (133ms)
			ExecutionOrderSort (0ms)
			DisableScriptedObjects (7ms)
			BackupInstance (0ms)
			ReleaseScriptingObjects (0ms)
			CreateAndSetChildDomain (39ms)
		EndReloadAssembly (1224ms)
			LoadAssemblies (105ms)
			RebuildTransferFunctionScriptingTraits (0ms)
			SetupTypeCache (358ms)
			ReleaseScriptCaches (1ms)
			RebuildScriptCaches (66ms)
			SetupLoadedEditorAssemblies (488ms)
				LogAssemblyErrors (0ms)
				InitializePlatformSupportModulesInManaged (7ms)
				SetLoadedEditorAssemblies (0ms)
				RefreshPlugins (1ms)
				BeforeProcessingInitializeOnLoad (127ms)
				ProcessInitializeOnLoadAttributes (337ms)
				ProcessInitializeOnLoadMethodAttributes (8ms)
				AfterProcessingInitializeOnLoad (8ms)
				EditorAssembliesLoaded (0ms)
			ExecutionOrderSort2 (0ms)
			AwakeInstancesAfterBackupRestoration (34ms)
Platform modules already initialized, skipping
Switching build target platform(19) subTarget(0) extendedPlatform(0) -> platform(13) subTarget(537395200) extendedPlatform(0)
Refreshing native plugins compatible for Editor in 0.94 ms, found 3 plugins.
Preloading 0 native plugins for Editor in 0.00 ms.
Unloading 3392 Unused Serialized files (Serialized files now loaded: 0)
System memory in use before: 139.9 MB.
System memory in use after: 140.1 MB.

Unloading 19 unused Assets to reduce memory usage. Loaded Objects now: 3908.
Total: 3.068600 ms (FindLiveObjects: 0.283200 ms CreateObjectMapping: 0.080600 ms MarkObjects: 2.644700 ms  DeleteObjects: 0.058700 ms)

AssetImportParameters requested are different than current active one (requested -> active):
  custom:framework-win-MediaFoundation: 216162199b28c13a410421893ffa2e32 -> 
  custom:video-decoder-ogg-theora: a1e56fd34408186e4bbccfd4996cb3dc -> 
  custom:container-muxer-webm: aa71ff27fc2769a1b78a27578f13a17b -> 
  custom:container-demuxer-webm: 4f35f7cbe854078d1ac9338744f61a02 -> 
  custom:container-demuxer-ogg: 62fdf1f143b41e24485cea50d1cbac27 -> 
  custom:video-encoder-webm-vp8: eb34c28f22e8b96e1ab97ce403110664 -> 
  custom:video-decoder-webm-vp8: 9c59270c3fd7afecdb556c50c9e8de78 -> 
  custom:graphics/normal-map-encoding: 01000000000000000000000000000000 -> 02000000000000000000000000000000
  custom:audio-decoder-ogg-vorbis: bf7c407c2cedff20999df2af8eb42d56 -> 
  custom:audio-encoder-webm-vorbis: bf7c407c2cedff20999df2af8eb42d56 -> 
AssetImportWorkerClient::OnTransportError - code=2 error=End of file
